------------------------------ Scenario Screen -------- [1-9]: Change Screen --
  Call rate (length)   Port   Total-time  Total-calls  Remote-host
  5.0(0 ms)/1.000s   5060       2.30 s           10  172.19.0.5:5060(UDP)

  Call limit 10 hit, 0.0 s period         0 ms scheduler resolution            
  0 calls (limit 15)                      Peak was 2 calls, after 0 s
  0 Running, 12 Paused, 28 Woken up
  0 dead call msg (discarded)             0 out-of-call msg (discarded)
  0 open sockets                          0/0/0 UDP errors (send/recv/cong)
  0 open sockets                          0/0/0 UDP errors (send/recv/cong)

                                 Messages  Retrans   Timeout   Unexpected-Msg
      INVITE ---------->         10        0         0                         
         100 <----------         10        0         0         0               
         180 <----------         0         0         0         0               
         183 <----------         0         0         0         0               
         200 <----------  E-RTD1 10        0         0         0               
         ACK ---------->         10        0                                   
       Pause [    300ms]         10                            0        
         BYE ---------->         10        0         0                         
         200 <----------         10        0         0         0               

------- Waiting for active calls to end. Press [q] again to force exit. -------
----------------------------- Statistics Screen ------- [1-9]: Change Screen --
  Start Time             | 2026-05-13	06:14:38.503596	1778652878.503596         
  Last Reset Time        | 2026-05-13	06:14:40.811348	1778652880.811348         
  Current Time           | 2026-05-13	06:14:40.811574	1778652880.811574         
-------------------------+---------------------------+--------------------------
  Counter Name           | Periodic value            | Cumulative value
-------------------------+---------------------------+--------------------------
  Elapsed Time           | 00:00:02:307000           | 00:00:02:307000          
  Call Rate              |    0.000 cps              |    4.335 cps             
-------------------------+---------------------------+--------------------------
  Incoming calls created |        0                  |        0                 
  Outgoing calls created |        0                  |       10                 
  Total Calls created    |                           |       10                 
  Current Calls          |        0                  |                          
-------------------------+---------------------------+--------------------------
  Successful call        |        0                  |       10                 
  Failed call            |        0                  |        0                 
-------------------------+---------------------------+--------------------------
  Response Time 1        | 00:00:00:002000           | 00:00:00:002000          
  Call Length            | 00:00:00:304000           | 00:00:00:304000          
------- Waiting for active calls to end. Press [q] again to force exit. -------
---------------------------- Repartition Screen ------- [1-9]: Change Screen --
  Average Response Time Repartition 1                                          
             0 ms <= n <          5 ms :         10
             5 ms <= n <         10 ms :          0
            10 ms <= n <         20 ms :          0
            20 ms <= n <         50 ms :          0
            50 ms <= n <        100 ms :          0
           100 ms <= n <        200 ms :          0
           200 ms <= n <        400 ms :          0
           400 ms <= n <        800 ms :          0
           800 ms <= n <       1500 ms :          0
                   n >=       1500 ms :          0
  Average Call Length Repartition                                              
             0 ms <= n <         10 ms :          0
            10 ms <= n <         50 ms :          0
            50 ms <= n <        100 ms :          0
           100 ms <= n <        500 ms :         10
           500 ms <= n <       1000 ms :          0
                   n >=       1000 ms :          0
------- Waiting for active calls to end. Press [q] again to force exit. -------
